<?xml version="1.0" encoding="UTF-8"?>
<testng-results ignored="0" total="2" passed="2" failed="0" skipped="0">
  <reporter-output>
  </reporter-output>
  <suite started-at="2022-11-04T17:45:24 IST" name="Default suite" finished-at="2022-11-04T17:45:37 IST" duration-ms="12940">
    <groups>
    </groups>
    <test started-at="2022-11-04T17:45:24 IST" name="Default test" finished-at="2022-11-04T17:45:37 IST" duration-ms="12940">
      <class name="testNGdemo.DragandDropdemo">
        <test-method signature="debitdragndrop()[pri:0, instance:testNGdemo.DragandDropdemo@441772e]" started-at="2022-11-04T17:45:24 IST" name="debitdragndrop" finished-at="2022-11-04T17:45:36 IST" duration-ms="12181" status="PASS">
          <reporter-output>
          </reporter-output>
        </test-method> <!-- debitdragndrop -->
        <test-method signature="creaditdragndrop()[pri:0, instance:testNGdemo.DragandDropdemo@441772e]" started-at="2022-11-04T17:45:36 IST" name="creaditdragndrop" finished-at="2022-11-04T17:45:37 IST" depends-on-methods="testNGdemo.DragandDropdemo.debitdragndrop" duration-ms="700" status="PASS">
          <reporter-output>
          </reporter-output>
        </test-method> <!-- creaditdragndrop -->
      </class> <!-- testNGdemo.DragandDropdemo -->
    </test> <!-- Default test -->
  </suite> <!-- Default suite -->
</testng-results>
